<?xml version="1.0" encoding="UTF-8"?>
<testng-results skipped="0" failed="0" ignored="0" total="1" passed="1">
  <reporter-output>
  </reporter-output>
  <suite name="Default suite" duration-ms="62640" started-at="2019-01-23T10:01:28Z" finished-at="2019-01-23T10:02:30Z">
    <groups>
    </groups>
    <test name="Default test" duration-ms="62640" started-at="2019-01-23T10:01:28Z" finished-at="2019-01-23T10:02:30Z">
      <class name="Git1_Integrate.newtour">
        <test-method status="PASS" signature="regtour()[pri:0, instance:Git1_Integrate.newtour@7c16905e]" name="regtour" duration-ms="62510" started-at="2019-01-23T10:01:28Z" finished-at="2019-01-23T10:02:30Z">
          <reporter-output>
          </reporter-output>
        </test-method> <!-- regtour -->
      </class> <!-- Git1_Integrate.newtour -->
    </test> <!-- Default test -->
  </suite> <!-- Default suite -->
</testng-results>
